.
..
.DS_Store
001_Paris_btv1b53095162g.metadata.xml
002_Beauvais_btv1b53095201x.metadata.xml
003_Amiens_btv1b53095205q.metadata.xml
004_Abbevile_btv1b53095180d.metadata.xml
005_St_Omer_btv1b530951829.metadata.xml
006_Dunkerque_btv1b53095202c.metadata.xml
007_Fontainebleau_btv1b53095181v.metadata.xml
008_Orleans_btv1b53095183r.metadata.xml
009_Gien_btv1b53095203t.metadata.xml
010_Bourges_btv1b530952065.metadata.xml
011_La_Chatre_btv1b530952048.metadata.xml
012_Evaux_btv1b53095185n.metadata.xml
013_Aubusson_btv1b530951880.metadata.xml
014_Mauriac_btv1b53095124q.metadata.xml
015_Aurillac_btv1b53095209h.metadata.xml
016_Rodez_btv1b53095227f.metadata.xml
017_Albi_btv1b53095284k.metadata.xml
018_Castres_btv1b53095131s.metadata.xml
019_Carcassonne_btv1b53095135k.metadata.xml
020_Mont_Louis_btv1b53095197z.metadata.xml
020bis_Puigcerda_btv1b53095218g.metadata.xml
021_Ambleteuse_btv1b53095221r.metadata.xml
022_Boulogne_btv1b53095234h.metadata.xml
023_Dieppe_btv1b530952389.metadata.xml
024_Forges_btv1b53095160k.metadata.xml
025_Rouen_btv1b530951611.metadata.xml
026_Evreux_btv1b530951846.metadata.xml
027_Chartres_btv1b530951361.metadata.xml
028_Vendome_btv1b53095137g.metadata.xml
029_Blois_btv1b53095261d.metadata.xml
030_Loches_btv1b530952639.metadata.xml
031_Chateauroux_btv1b53095264r.metadata.xml
032_LeDorat_btv1b530952728.metadata.xml
033_Limoges_btv1b53095235z.metadata.xml
034_Tulle_btv1b530951166.metadata.xml
035_Sarlat_btv1b530951327.metadata.xml
036_Cahors_btv1b530951522.metadata.xml
037_Montauban_btv1b530951579.metadata.xml
038_Toulouse_btv1b53095178k.metadata.xml
039_Saint_Lizier_btv1b53095198d.metadata.xml
040_Ax_les_thermes_btv1b53095200g.metadata.xml
040bis_Andorre_btv1b53095219x.metadata.xml
041_Lille_btv1b530952226.metadata.xml
042_Cambrai_btv1b53095239r.metadata.xml
043_Laon_btv1b53095286g.metadata.xml
044_Soissons_btv1b530951505.metadata.xml
045_Meaux_btv1b53095173b.metadata.xml
046_Sens_btv1b53095212s.metadata.xml
047_Auxerre_btv1b530952315.metadata.xml
048_Vezelay_btv1b53095268j.metadata.xml
049_Nevers_btv1b530951863.metadata.xml
050_Moulins_btv1b53095144j.metadata.xml
051_Gannat_btv1b53095210w.metadata.xml
052_Clermont_Ferrand_btv1b530952243.metadata.xml
053_Brioude_btv1b53095287x.metadata.xml
054_Saint_Flour_btv1b530951272.metadata.xml
055_Mende_btv1b53095151m.metadata.xml
056_Nant_btv1b530952137.metadata.xml
057_Lodeve_btv1b53095232m.metadata.xml
058_Narbonne_btv1b530952690.metadata.xml
059_Perpignan_btv1b53095288c.metadata.xml
059bis_Bellegarde_btv1b530951450.metadata.xml
060_Le_Havre_btv1b53095165t.metadata.xml
061_Lisieux_btv1b53095190t.metadata.xml
062_Argentan_btv1b53095211b.metadata.xml
063_Alencon_btv1b53095225j.metadata.xml
064_LeMans__btv1b530951094.metadata.xml
065_Tours_btv1b53095128h.metadata.xml
066_Richelieu_btv1b53095174s.metadata.xml
067_Poitiers_btv1b53095214p.metadata.xml
068_Charroux_btv1b530952495.metadata.xml
069_Angouleme_btv1b53095270c.metadata.xml
070_Perigueux_btv1b53095289t.metadata.xml
071_Bergerac_btv1b53095146f.metadata.xml
072_Castillonnes_btv1b530951668.metadata.xml
073_Agen_btv1b53095187j.metadata.xml
074_Auch_btv1b530952260.metadata.xml
075_Tarbes_btv1b530952404.metadata.xml
076_Bagnere_de_Bigorre_btv1b53095207m.metadata.xml
077_Rocroi_btv1b53095110h.metadata.xml
078_Charleville_btv1b53095169m.metadata.xml
079_Reims_btv1b530951918.metadata.xml
080_Chalons_sur_Marne_btv1b53095244x.metadata.xml
081_Troyes_btv1b53095255s.metadata.xml
082_Tonnerre_btv1b530952762.metadata.xml
083_Semur_en_Auxois_btv1b53095138x.metadata.xml
084_Autun_btv1b53095158r.metadata.xml
085_Chalon_sur_Saone_btv1b530952745.metadata.xml
086_Macon_btv1b53095139c.metadata.xml
087_Lyon_btv1b530951596.metadata.xml
088_Saint_Etienne_btv1b530951149.metadata.xml
089_Le_Puy_btv1b53095117n.metadata.xml
090_Viviers_btv1b53095133p.metadata.xml
091_Nimes_btv1b53095153h.metadata.xml
092_Montpellier_btv1b530951700.metadata.xml
093_Saint_Vaast_la_Hougue_btv1b53095192q.metadata.xml
094_Bayeux_btv1b530952154.metadata.xml
095_Vire_btv1b530952567.metadata.xml
096_Mayenne_btv1b53095122t.metadata.xml
097_Laval_btv1b53095111z.metadata.xml
098_Angers_btv1b53095129z.metadata.xml
099_Mortagne_btv1b530951935.metadata.xml
100_Lucon_btv1b53095245c.metadata.xml
101_LaRochelle_btv1b53095257p.metadata.xml
102_Saintes_btv1b53095277h.metadata.xml
103_Blaye_btv1b53095163x.metadata.xml
104_Bordeaux_btv1b53095112d.metadata.xml
105_Bazas_btv1b53095130b.metadata.xml
106_Roquefort_btv1b53095147w.metadata.xml
107_Aire_btv1b53095194m.metadata.xml
108_Pau_btv1b53095216k.metadata.xml
109Bis_Saint_Hubert_btv1b53095278z.metadata.xml
109_Montmedy_btv1b530952584.metadata.xml
110_Verdun_btv1b530951238.metadata.xml
111_Toul_btv1b53095241k.metadata.xml
112_Joinville_btv1b530952421.metadata.xml
113_Langres_btv1b53095113v.metadata.xml
114_Dijon_btv1b53095148b.metadata.xml
115_Dole_btv1b530951952.metadata.xml
116_Tournus_btv1b53095228w.metadata.xml
117_Bourg_en_Bresse_btv1b53095259k.metadata.xml
118_Environs_de_Bellay_btv1b53095279d.metadata.xml
119_Grenoble_btv1b53095243g.metadata.xml
120_Valence_btv1b53095149s.metadata.xml
121_Vaison_la_romaine_btv1b53095171f.metadata.xml
122_Avignon_btv1b53095196h.metadata.xml
123_Aix_en_Provence_btv1b530952478.metadata.xml
124_Marseille_btv1b530952656.metadata.xml
125_Cherbourg_btv1b53095280s.metadata.xml
126_Coutances_btv1b530951416.metadata.xml
127_Saint_Malo_btv1b530952834.metadata.xml
128_Dinan_btv1b53095172w.metadata.xml
129_Rennes_btv1b53095266n.metadata.xml
130_Paimboeuf_btv1b530952817.metadata.xml
131_Nantes_btv1b53095142n.metadata.xml
132_La_Roche_sur_Yon_btv1b530952851.metadata.xml
133_Ile_de_Re_btv1b530951255.metadata.xml
134_Ile_dOleron_btv1b53095155d.metadata.xml
135_Cote_de_Medoc_btv1b53095156v.metadata.xml
136_La_Teste_de_Buch_btv1b53095229b.metadata.xml
137_Cazau_btv1b53095176p.metadata.xml
138_Vieux_Boucau_les_Bains_btv1b530951774.metadata.xml
139_Bayonne_btv1b530951757.metadata.xml
140_Saint_Jean_Pied_de_Port_btv1b530951791.metadata.xml
141Bis_Luxembourg_btv1b53095230q.metadata.xml
141_Metz_btv1b53095199v.metadata.xml
142_Nancy_btv1b530952171.metadata.xml
143_Epinal_btv1b530952332.metadata.xml
144_Luxeuil_btv1b53095236d.metadata.xml
145_Vesoul_btv1b53095115r.metadata.xml
146_Besancon_btv1b530951183.metadata.xml
147_Nozeroi_btv1b530951344.metadata.xml
148_Geneve_btv1b53095275m.metadata.xml
149_Montmelian_btv1b53095119j.metadata.xml
150_Barraux_btv1b53095120x.metadata.xml
151_Briancon_btv1b53095121c.metadata.xml
152_Embrun_btv1b53095140r.metadata.xml
153_Digne_les_Bains_btv1b53095248q.metadata.xml
154_Lorgues_btv1b530952673.metadata.xml
155_Toulon_btv1b53095282p.metadata.xml
156_Treguier_btv1b530951433.metadata.xml
157_Uzel_btv1b53095126m.metadata.xml
158_Vannes_btv1b53095164c.metadata.xml
159_Belle_Ile_btv1b530951685.metadata.xml
161_Landau_Wissenbourg_btv1b53095189f.metadata.xml
162_Strasbourg_btv1b530952082.metadata.xml
163_Colmar_btv1b53095271t.metadata.xml
164_Neuf_Brisach_btv1b53095167q.metadata.xml
165_Bale_btv1b53095254b.metadata.xml
166_Queyras_btv1b53095260z.metadata.xml
167_Larche_btv1b53095262v.metadata.xml
168_Vence_btv1b53095223n.metadata.xml
169_Antibes_btv1b53095273q.metadata.xml
169bis_Cap_Camrat_btv1b530952510.metadata.xml
170_Saint_Pol_de_Leon_btv1b53095250j.metadata.xml
171_Carhaix_btv1b53095252f.metadata.xml
172_Quimperle_btv1b53095253w.metadata.xml
173_Philippsburg_btv1b53095154z.metadata.xml
174_Ouessant_btv1b530952209.metadata.xml
175_Rade_de_Brest_btv1b53095237v.metadata.xml
tiles.lst
